<?xml version="1.0" encoding="UTF-8"?>
<testsuite name="AccountServiceTest" tests="1" skipped="0" failures="0" errors="0" timestamp="2022-01-22T22:29:49" hostname="DESKTOP-ET034TC" time="18.053">
  <properties/>
  <testcase name="start" classname="AccountServiceTest" time="18.053"/>
  <system-out><![CDATA[?[1;31m
Start test 1?[0m

  .   ____          _            __ _ _
 /\\ / ___'_ __ _ _(_)_ __  __ _ \ \ \ \
( ( )\___ | '_ | '_| | '_ \/ _` | \ \ \ \
 \\/  ___)| |_)| | | | | || (_| |  ) ) ) )
  '  |____| .__|_| |_|_| |_\__, | / / / /
 =========|_|==============|___/=/_/_/_/
 :: Spring Boot ::        (v2.3.1.RELEASE)

2022-01-22 22:29:51.659  INFO 19536 --- [    Test worker] account.AccountServiceApplication        : Starting AccountServiceApplication on DESKTOP-ET034TC with PID 19536 (started by Haedes in C:\Users\Haedes\IdeaProjects\Account Service\Account Service\task)
2022-01-22 22:29:51.670  INFO 19536 --- [    Test worker] account.AccountServiceApplication        : No active profile set, falling back to default profiles: default
2022-01-22 22:29:55.319  INFO 19536 --- [    Test worker] .s.d.r.c.RepositoryConfigurationDelegate : Bootstrapping Spring Data JPA repositories in DEFERRED mode.
2022-01-22 22:29:55.561  INFO 19536 --- [    Test worker] .s.d.r.c.RepositoryConfigurationDelegate : Finished Spring Data repository scanning in 201ms. Found 3 JPA repository interfaces.
2022-01-22 22:29:57.399  INFO 19536 --- [    Test worker] o.s.b.w.embedded.tomcat.TomcatWebServer  : Tomcat initialized with port(s): 28852 (https)
2022-01-22 22:29:57.439  INFO 19536 --- [    Test worker] o.apache.catalina.core.StandardService   : Starting service [Tomcat]
2022-01-22 22:29:57.442  INFO 19536 --- [    Test worker] org.apache.catalina.core.StandardEngine  : Starting Servlet engine: [Apache Tomcat/9.0.36]
2022-01-22 22:29:57.952  INFO 19536 --- [    Test worker] o.a.c.c.C.[Tomcat].[localhost].[/]       : Initializing Spring embedded WebApplicationContext
2022-01-22 22:29:57.953  INFO 19536 --- [    Test worker] w.s.c.ServletWebServerApplicationContext : Root WebApplicationContext: initialization completed in 6028 ms
2022-01-22 22:29:58.306  INFO 19536 --- [    Test worker] com.zaxxer.hikari.HikariDataSource       : HikariPool-1 - Starting...
2022-01-22 22:29:58.851  INFO 19536 --- [    Test worker] com.zaxxer.hikari.HikariDataSource       : HikariPool-1 - Start completed.
2022-01-22 22:29:58.871  INFO 19536 --- [    Test worker] o.s.b.a.h2.H2ConsoleAutoConfiguration    : H2 console available at '/h2-console'. Database available at 'jdbc:h2:file:../service_db'
2022-01-22 22:29:59.255  INFO 19536 --- [    Test worker] o.s.s.concurrent.ThreadPoolTaskExecutor  : Initializing ExecutorService 'applicationTaskExecutor'
2022-01-22 22:29:59.443  INFO 19536 --- [         task-1] o.hibernate.jpa.internal.util.LogHelper  : HHH000204: Processing PersistenceUnitInfo [name: default]
2022-01-22 22:29:59.560  WARN 19536 --- [    Test worker] JpaBaseConfiguration$JpaWebConfiguration : spring.jpa.open-in-view is enabled by default. Therefore, database queries may be performed during view rendering. Explicitly configure spring.jpa.open-in-view to disable this warning
2022-01-22 22:29:59.701  INFO 19536 --- [         task-1] org.hibernate.Version                    : HHH000412: Hibernate ORM core version 5.4.17.Final
2022-01-22 22:30:00.436  INFO 19536 --- [         task-1] o.hibernate.annotations.common.Version   : HCANN000001: Hibernate Commons Annotations {5.1.0.Final}
2022-01-22 22:30:01.078  INFO 19536 --- [         task-1] org.hibernate.dialect.Dialect            : HHH000400: Using dialect: org.hibernate.dialect.H2Dialect
2022-01-22 22:30:01.135  INFO 19536 --- [    Test worker] o.s.b.a.e.web.EndpointLinksResolver      : Exposing 14 endpoint(s) beneath base path '/actuator'
2022-01-22 22:30:01.446  INFO 19536 --- [    Test worker] o.s.s.web.DefaultSecurityFilterChain     : Creating filter chain: any request, [org.springframework.security.web.context.request.async.WebAsyncManagerIntegrationFilter@66ac24f1, org.springframework.security.web.context.SecurityContextPersistenceFilter@4ba79305, org.springframework.security.web.header.HeaderWriterFilter@1a261d65, org.springframework.security.web.authentication.logout.LogoutFilter@9f7348f, org.springframework.security.web.authentication.www.BasicAuthenticationFilter@20fae337, org.springframework.security.web.savedrequest.RequestCacheAwareFilter@542c70c6, org.springframework.security.web.servletapi.SecurityContextHolderAwareRequestFilter@3a70f68c, org.springframework.security.web.authentication.AnonymousAuthenticationFilter@319b704e, org.springframework.security.web.session.SessionManagementFilter@3d76cb36, org.springframework.security.web.access.ExceptionTranslationFilter@5dd60cce, org.springframework.security.web.access.intercept.FilterSecurityInterceptor@1a7caf32]
2022-01-22 22:30:04.175  INFO 19536 --- [         task-1] o.h.e.t.j.p.i.JtaPlatformInitiator       : HHH000490: Using JtaPlatform implementation: [org.hibernate.engine.transaction.jta.platform.internal.NoJtaPlatform]
2022-01-22 22:30:04.200  INFO 19536 --- [         task-1] j.LocalContainerEntityManagerFactoryBean : Initialized JPA EntityManagerFactory for persistence unit 'default'
2022-01-22 22:30:05.327  INFO 19536 --- [    Test worker] o.s.b.w.embedded.tomcat.TomcatWebServer  : Tomcat started on port(s): 28852 (https) with context path ''
2022-01-22 22:30:05.330  INFO 19536 --- [    Test worker] DeferredRepositoryInitializationListener : Triggering deferred initialization of Spring Data repositories…
2022-01-22 22:30:06.270  INFO 19536 --- [    Test worker] DeferredRepositoryInitializationListener : Spring Data repositories initialized!
2022-01-22 22:30:06.300  INFO 19536 --- [    Test worker] account.AccountServiceApplication        : Started AccountServiceApplication in 16.393 seconds (JVM running for 19.245)
CN=accountant_service, OU=Unknown, O=Unknown, L=Unknown, ST=Unknown, C=Unknown SHA256withRSA
]]></system-out>
  <system-err><![CDATA[]]></system-err>
</testsuite>
